INFO    : Building target web
INFO    : XSL conversion of /Users/cw/Library/CloudStorage/Dropbox/school/occc/functions-workbook/source/main.ptx by /Users/cw/.ptx/2.20.0/core/xsl/utilities/pretext-enhanced-source.xsl
INFO    : successful application of /Users/cw/.ptx/2.20.0/core/xsl/utilities/pretext-enhanced-source.xsl
INFO    : Generating any needed assets.
INFO    : XSL conversion of /Users/cw/Library/CloudStorage/Dropbox/school/occc/functions-workbook/source/main.ptx by /Users/cw/.ptx/2.20.0/core/xsl/utilities/pretext-enhanced-source.xsl
INFO    : successful application of /Users/cw/.ptx/2.20.0/core/xsl/utilities/pretext-enhanced-source.xsl
INFO    : XSL conversion of /Users/cw/Library/CloudStorage/Dropbox/school/occc/functions-workbook/source/main.ptx by /Users/cw/.ptx/2.20.0/core/xsl/utilities/pretext-enhanced-source.xsl
INFO    : successful application of /Users/cw/.ptx/2.20.0/core/xsl/utilities/pretext-enhanced-source.xsl
INFO    : XSL conversion of /Users/cw/Library/CloudStorage/Dropbox/school/occc/functions-workbook/source/main.ptx by /Users/cw/.ptx/2.20.0/core/xsl/utilities/pretext-enhanced-source.xsl
INFO    : successful application of /Users/cw/.ptx/2.20.0/core/xsl/utilities/pretext-enhanced-source.xsl
INFO    : XSL conversion of /Users/cw/Library/CloudStorage/Dropbox/school/occc/functions-workbook/source/main.ptx by /Users/cw/.ptx/2.20.0/core/xsl/utilities/pretext-enhanced-source.xsl
INFO    : successful application of /Users/cw/.ptx/2.20.0/core/xsl/utilities/pretext-enhanced-source.xsl
INFO    : XSL conversion of /Users/cw/Library/CloudStorage/Dropbox/school/occc/functions-workbook/source/main.ptx by /Users/cw/.ptx/2.20.0/core/xsl/utilities/pretext-enhanced-source.xsl
INFO    : successful application of /Users/cw/.ptx/2.20.0/core/xsl/utilities/pretext-enhanced-source.xsl
INFO    : XSL conversion of /Users/cw/Library/CloudStorage/Dropbox/school/occc/functions-workbook/source/main.ptx by /Users/cw/.ptx/2.20.0/core/xsl/utilities/pretext-enhanced-source.xsl
INFO    : successful application of /Users/cw/.ptx/2.20.0/core/xsl/utilities/pretext-enhanced-source.xsl
INFO    : XSL conversion of /Users/cw/Library/CloudStorage/Dropbox/school/occc/functions-workbook/source/main.ptx by /Users/cw/.ptx/2.20.0/core/xsl/utilities/pretext-enhanced-source.xsl
INFO    : successful application of /Users/cw/.ptx/2.20.0/core/xsl/utilities/pretext-enhanced-source.xsl
INFO    : XSL conversion of /Users/cw/Library/CloudStorage/Dropbox/school/occc/functions-workbook/source/main.ptx by /Users/cw/.ptx/2.20.0/core/xsl/utilities/pretext-enhanced-source.xsl
INFO    : successful application of /Users/cw/.ptx/2.20.0/core/xsl/utilities/pretext-enhanced-source.xsl
INFO    : XSL conversion of /Users/cw/Library/CloudStorage/Dropbox/school/occc/functions-workbook/source/main.ptx by /Users/cw/.ptx/2.20.0/core/xsl/utilities/pretext-enhanced-source.xsl
INFO    : successful application of /Users/cw/.ptx/2.20.0/core/xsl/utilities/pretext-enhanced-source.xsl
INFO    : XSL conversion of /Users/cw/Library/CloudStorage/Dropbox/school/occc/functions-workbook/source/main.ptx by /Users/cw/.ptx/2.20.0/core/xsl/utilities/pretext-enhanced-source.xsl
INFO    : successful application of /Users/cw/.ptx/2.20.0/core/xsl/utilities/pretext-enhanced-source.xsl
INFO    : XSL conversion of /Users/cw/Library/CloudStorage/Dropbox/school/occc/functions-workbook/source/main.ptx by /Users/cw/.ptx/2.20.0/core/xsl/utilities/pretext-enhanced-source.xsl
INFO    : successful application of /Users/cw/.ptx/2.20.0/core/xsl/utilities/pretext-enhanced-source.xsl
INFO    : XSL conversion of /Users/cw/Library/CloudStorage/Dropbox/school/occc/functions-workbook/source/main.ptx by /Users/cw/.ptx/2.20.0/core/xsl/utilities/pretext-enhanced-source.xsl
INFO    : successful application of /Users/cw/.ptx/2.20.0/core/xsl/utilities/pretext-enhanced-source.xsl
INFO    : XSL conversion of /Users/cw/Library/CloudStorage/Dropbox/school/occc/functions-workbook/source/main.ptx by /Users/cw/.ptx/2.20.0/core/xsl/utilities/pretext-enhanced-source.xsl
INFO    : successful application of /Users/cw/.ptx/2.20.0/core/xsl/utilities/pretext-enhanced-source.xsl
INFO    : XSL conversion of /Users/cw/Library/CloudStorage/Dropbox/school/occc/functions-workbook/source/main.ptx by /Users/cw/.ptx/2.20.0/core/xsl/utilities/pretext-enhanced-source.xsl
INFO    : successful application of /Users/cw/.ptx/2.20.0/core/xsl/utilities/pretext-enhanced-source.xsl
INFO    : converting Sage diagrams from /Users/cw/Library/CloudStorage/Dropbox/school/occc/functions-workbook/source/main.ptx to HTML graphics for placement in /Users/cw/Library/CloudStorage/Dropbox/school/occc/functions-workbook/generated-assets/sageplot
INFO    : extracting Sage diagrams from /Users/cw/Library/CloudStorage/Dropbox/school/occc/functions-workbook/source/main.ptx
INFO    : XSL conversion of /Users/cw/Library/CloudStorage/Dropbox/school/occc/functions-workbook/source/main.ptx by /Users/cw/.ptx/2.20.0/core/xsl/extract-sageplot.xsl
INFO    : messages from the log for XSL processing:
INFO    : * PTX:INFO:   checking ONLY the last TWO YEARS of element deprecations.
Rerun with the string parameter "author.deprecations.all" set to "yes" to check your source against all deprecations.
INFO    : successful application of /Users/cw/.ptx/2.20.0/core/xsl/extract-sageplot.xsl
INFO    : converting Sage diagrams from /Users/cw/Library/CloudStorage/Dropbox/school/occc/functions-workbook/source/main.ptx to SVG graphics for placement in /Users/cw/Library/CloudStorage/Dropbox/school/occc/functions-workbook/generated-assets/sageplot
INFO    : extracting Sage diagrams from /Users/cw/Library/CloudStorage/Dropbox/school/occc/functions-workbook/source/main.ptx
INFO    : XSL conversion of /Users/cw/Library/CloudStorage/Dropbox/school/occc/functions-workbook/source/main.ptx by /Users/cw/.ptx/2.20.0/core/xsl/extract-sageplot.xsl
INFO    : messages from the log for XSL processing:
INFO    : * PTX:INFO:   checking ONLY the last TWO YEARS of element deprecations.
Rerun with the string parameter "author.deprecations.all" set to "yes" to check your source against all deprecations.
INFO    : successful application of /Users/cw/.ptx/2.20.0/core/xsl/extract-sageplot.xsl
INFO    : converting sec1-1-function-ex1-fig1img1.sage to sec1-1-function-ex1-fig1img1.svg
INFO    : converting sec1-1-notation-ex2-fig1-2.sage to sec1-1-notation-ex2-fig1-2.svg
WARNING : sage conversion of sec1-1-notation-ex2-fig1-2.sage failed
INFO    : converting sec1-1-function-ex1-fig2img1.sage to sec1-1-function-ex1-fig2img1.svg
ERROR   : Unable to generate some sageplot images:
 Sage conversion failed for 1 sageplot(s).
Build with '-v debug' option and review the log for error messages.
Images are:
  sec1-1-notation-ex2-fig1-2.sage
INFO    : Removing temporary directory /var/folders/b3/z07rf29x2fd63th_fjm5pzk80000gn/T/ptx-hi01qqhv
INFO    : Removing temporary directory /var/folders/b3/z07rf29x2fd63th_fjm5pzk80000gn/T/ptx-sii8r5od
INFO    : Finished generating assets.

INFO    : Preparing to build into /Users/cw/Library/CloudStorage/Dropbox/school/occc/functions-workbook/output/web.
INFO    : discovering source file's directory name: /Users/cw/Library/CloudStorage/Dropbox/school/occc/functions-workbook/source
INFO    : verifying and expanding input directory: /Users/cw/Library/CloudStorage/Dropbox/school/occc/functions-workbook/source/../generated-assets
INFO    : input directory expanded to absolute path: /Users/cw/Library/CloudStorage/Dropbox/school/occc/functions-workbook/generated-assets
INFO    : verifying and expanding input directory: /Users/cw/Library/CloudStorage/Dropbox/school/occc/functions-workbook/source/../assets
INFO    : input directory expanded to absolute path: /Users/cw/Library/CloudStorage/Dropbox/school/occc/functions-workbook/assets
INFO    : XSL conversion of /Users/cw/Library/CloudStorage/Dropbox/school/occc/functions-workbook/source/main.ptx by /Users/cw/.ptx/2.20.0/core/xsl/utilities/report-publisher-variables.xsl
INFO    : successful application of /Users/cw/.ptx/2.20.0/core/xsl/utilities/report-publisher-variables.xsl
INFO    : Downloading rs services file from https://runestone.academy/cdn/runestone/latest/webpack_static_imports.xml.
INFO    : Runestone Services via online CDN query: version 8.1.1
INFO    : Downloading Runestone Services, version 8.1.1
INFO    : Extracting Runestone Services from archive file
INFO    : Building custom css theme: theme-default-modern
INFO    : converting /Users/cw/Library/CloudStorage/Dropbox/school/occc/functions-workbook/source/main.ptx to HTML in /var/folders/b3/z07rf29x2fd63th_fjm5pzk80000gn/T/ptx-0y8rh8ao
INFO    : XSL conversion of /Users/cw/Library/CloudStorage/Dropbox/school/occc/functions-workbook/source/main.ptx by /Users/cw/.ptx/2.20.0/core/xsl/pretext-html.xsl
INFO    : messages from the log for XSL processing:
INFO    : * PTX:INFO:   checking ONLY the last TWO YEARS of element deprecations.
Rerun with the string parameter "author.deprecations.all" set to "yes" to check your source against all deprecations.
ERROR   : * PTX:ERROR:   a cross-reference ("xref") uses references [sec1-1-function-1] that do not point to any target, or perhaps point to multiple targets.  Maybe you typed an @xml:id value wrong, maybe the target of the @xml:id is nonexistent, or maybe you temporarily removed the target from your source, or maybe an auxiliary file contains a duplicate.  Your output will contain some placeholder text that you will not want to distribute to your readers.
INFO    : *              located within: "sec1-1-notation-ex1" (xml:id)
ERROR   : * PTX:ERROR:   a cross-reference ("xref") uses references [sec1-1-function-1] that do not point to any target, or perhaps point to multiple targets.  Maybe you typed an @xml:id value wrong, maybe the target of the @xml:id is nonexistent, or maybe you temporarily removed the target from your source, or maybe an auxiliary file contains a duplicate.  Your output will contain some placeholder text that you will not want to distribute to your readers.
INFO    : *              located within: "sec1-1-notation-ex1" (xml:id)
INFO    : successful application of /Users/cw/.ptx/2.20.0/core/xsl/pretext-html.xsl
INFO    : Removing temporary directory /var/folders/b3/z07rf29x2fd63th_fjm5pzk80000gn/T/ptx-0y8rh8ao
INFO    : Removing temporary directory /var/folders/b3/z07rf29x2fd63th_fjm5pzk80000gn/T/ptx-9a0uidyj
INFO    : 
Success! Run `pretext view web` to see the results.

INFO    : 
----------------------------------------------------
INFO    : While running pretext, the following errors occurred:

INFO    : (see log messages above or in the 'logs' folder for more information)
INFO    : ----------------------------------------------------
