INFO    : Building target web
INFO    : XSL conversion of /Users/cw/Library/CloudStorage/Dropbox/school/occc/functions-workbook/source/main.ptx by /Users/cw/.ptx/2.20.0/core/xsl/utilities/pretext-enhanced-source.xsl
INFO    : successful application of /Users/cw/.ptx/2.20.0/core/xsl/utilities/pretext-enhanced-source.xsl
INFO    : Generating any needed assets.
INFO    : XSL conversion of /Users/cw/Library/CloudStorage/Dropbox/school/occc/functions-workbook/source/main.ptx by /Users/cw/.ptx/2.20.0/core/xsl/utilities/pretext-enhanced-source.xsl
INFO    : successful application of /Users/cw/.ptx/2.20.0/core/xsl/utilities/pretext-enhanced-source.xsl
INFO    : XSL conversion of /Users/cw/Library/CloudStorage/Dropbox/school/occc/functions-workbook/source/main.ptx by /Users/cw/.ptx/2.20.0/core/xsl/utilities/pretext-enhanced-source.xsl
INFO    : successful application of /Users/cw/.ptx/2.20.0/core/xsl/utilities/pretext-enhanced-source.xsl
INFO    : XSL conversion of /Users/cw/Library/CloudStorage/Dropbox/school/occc/functions-workbook/source/main.ptx by /Users/cw/.ptx/2.20.0/core/xsl/utilities/pretext-enhanced-source.xsl
INFO    : successful application of /Users/cw/.ptx/2.20.0/core/xsl/utilities/pretext-enhanced-source.xsl
INFO    : XSL conversion of /Users/cw/Library/CloudStorage/Dropbox/school/occc/functions-workbook/source/main.ptx by /Users/cw/.ptx/2.20.0/core/xsl/utilities/pretext-enhanced-source.xsl
INFO    : successful application of /Users/cw/.ptx/2.20.0/core/xsl/utilities/pretext-enhanced-source.xsl
INFO    : XSL conversion of /Users/cw/Library/CloudStorage/Dropbox/school/occc/functions-workbook/source/main.ptx by /Users/cw/.ptx/2.20.0/core/xsl/utilities/pretext-enhanced-source.xsl
INFO    : successful application of /Users/cw/.ptx/2.20.0/core/xsl/utilities/pretext-enhanced-source.xsl
INFO    : XSL conversion of /Users/cw/Library/CloudStorage/Dropbox/school/occc/functions-workbook/source/main.ptx by /Users/cw/.ptx/2.20.0/core/xsl/utilities/pretext-enhanced-source.xsl
INFO    : successful application of /Users/cw/.ptx/2.20.0/core/xsl/utilities/pretext-enhanced-source.xsl
INFO    : XSL conversion of /Users/cw/Library/CloudStorage/Dropbox/school/occc/functions-workbook/source/main.ptx by /Users/cw/.ptx/2.20.0/core/xsl/utilities/pretext-enhanced-source.xsl
INFO    : successful application of /Users/cw/.ptx/2.20.0/core/xsl/utilities/pretext-enhanced-source.xsl
INFO    : XSL conversion of /Users/cw/Library/CloudStorage/Dropbox/school/occc/functions-workbook/source/main.ptx by /Users/cw/.ptx/2.20.0/core/xsl/utilities/pretext-enhanced-source.xsl
INFO    : successful application of /Users/cw/.ptx/2.20.0/core/xsl/utilities/pretext-enhanced-source.xsl
INFO    : XSL conversion of /Users/cw/Library/CloudStorage/Dropbox/school/occc/functions-workbook/source/main.ptx by /Users/cw/.ptx/2.20.0/core/xsl/utilities/pretext-enhanced-source.xsl
INFO    : successful application of /Users/cw/.ptx/2.20.0/core/xsl/utilities/pretext-enhanced-source.xsl
INFO    : XSL conversion of /Users/cw/Library/CloudStorage/Dropbox/school/occc/functions-workbook/source/main.ptx by /Users/cw/.ptx/2.20.0/core/xsl/utilities/pretext-enhanced-source.xsl
INFO    : successful application of /Users/cw/.ptx/2.20.0/core/xsl/utilities/pretext-enhanced-source.xsl
INFO    : XSL conversion of /Users/cw/Library/CloudStorage/Dropbox/school/occc/functions-workbook/source/main.ptx by /Users/cw/.ptx/2.20.0/core/xsl/utilities/pretext-enhanced-source.xsl
INFO    : successful application of /Users/cw/.ptx/2.20.0/core/xsl/utilities/pretext-enhanced-source.xsl
INFO    : XSL conversion of /Users/cw/Library/CloudStorage/Dropbox/school/occc/functions-workbook/source/main.ptx by /Users/cw/.ptx/2.20.0/core/xsl/utilities/pretext-enhanced-source.xsl
INFO    : successful application of /Users/cw/.ptx/2.20.0/core/xsl/utilities/pretext-enhanced-source.xsl
INFO    : XSL conversion of /Users/cw/Library/CloudStorage/Dropbox/school/occc/functions-workbook/source/main.ptx by /Users/cw/.ptx/2.20.0/core/xsl/utilities/pretext-enhanced-source.xsl
INFO    : successful application of /Users/cw/.ptx/2.20.0/core/xsl/utilities/pretext-enhanced-source.xsl
INFO    : XSL conversion of /Users/cw/Library/CloudStorage/Dropbox/school/occc/functions-workbook/source/main.ptx by /Users/cw/.ptx/2.20.0/core/xsl/utilities/pretext-enhanced-source.xsl
INFO    : successful application of /Users/cw/.ptx/2.20.0/core/xsl/utilities/pretext-enhanced-source.xsl
INFO    : converting Sage diagrams from /Users/cw/Library/CloudStorage/Dropbox/school/occc/functions-workbook/source/main.ptx to HTML graphics for placement in /Users/cw/Library/CloudStorage/Dropbox/school/occc/functions-workbook/generated-assets/sageplot
INFO    : extracting Sage diagrams from /Users/cw/Library/CloudStorage/Dropbox/school/occc/functions-workbook/source/main.ptx
INFO    : XSL conversion of /Users/cw/Library/CloudStorage/Dropbox/school/occc/functions-workbook/source/main.ptx by /Users/cw/.ptx/2.20.0/core/xsl/extract-sageplot.xsl
INFO    : messages from the log for XSL processing:
ERROR   : * PTX:ERROR: the @xml:id value "sec1-1-function-1-table" should be unique, but is authored multiple times.
INFO    : *            Results will be unpredictable, and likely incorrect.  Information on the locations follows:
INFO    : *              located within: "sec1-1-function-1-table" (xml:id), "Sales for a Local Clothing Store" (title)
INFO    : *              located within: "sec1-1-function-1-table" (xml:id), "Sales for a Local Clothing Store" (title)
INFO    : * PTX:INFO:   checking ONLY the last TWO YEARS of element deprecations.
Rerun with the string parameter "author.deprecations.all" set to "yes" to check your source against all deprecations.
INFO    : successful application of /Users/cw/.ptx/2.20.0/core/xsl/extract-sageplot.xsl
INFO    : converting Sage diagrams from /Users/cw/Library/CloudStorage/Dropbox/school/occc/functions-workbook/source/main.ptx to SVG graphics for placement in /Users/cw/Library/CloudStorage/Dropbox/school/occc/functions-workbook/generated-assets/sageplot
INFO    : extracting Sage diagrams from /Users/cw/Library/CloudStorage/Dropbox/school/occc/functions-workbook/source/main.ptx
INFO    : XSL conversion of /Users/cw/Library/CloudStorage/Dropbox/school/occc/functions-workbook/source/main.ptx by /Users/cw/.ptx/2.20.0/core/xsl/extract-sageplot.xsl
INFO    : messages from the log for XSL processing:
ERROR   : * PTX:ERROR: the @xml:id value "sec1-1-function-1-table" should be unique, but is authored multiple times.
INFO    : *            Results will be unpredictable, and likely incorrect.  Information on the locations follows:
INFO    : *              located within: "sec1-1-function-1-table" (xml:id), "Sales for a Local Clothing Store" (title)
INFO    : *              located within: "sec1-1-function-1-table" (xml:id), "Sales for a Local Clothing Store" (title)
INFO    : * PTX:INFO:   checking ONLY the last TWO YEARS of element deprecations.
Rerun with the string parameter "author.deprecations.all" set to "yes" to check your source against all deprecations.
INFO    : successful application of /Users/cw/.ptx/2.20.0/core/xsl/extract-sageplot.xsl
INFO    : converting sec1-1-function-1-fig1img1.sage to sec1-1-function-1-fig1img1.svg
INFO    : Removing temporary directory /var/folders/b3/z07rf29x2fd63th_fjm5pzk80000gn/T/ptx-d9qsnrad
INFO    : Removing temporary directory /var/folders/b3/z07rf29x2fd63th_fjm5pzk80000gn/T/ptx-z_kmayt3
INFO    : Finished generating assets.

INFO    : Preparing to build into /Users/cw/Library/CloudStorage/Dropbox/school/occc/functions-workbook/output/web.
INFO    : discovering source file's directory name: /Users/cw/Library/CloudStorage/Dropbox/school/occc/functions-workbook/source
INFO    : verifying and expanding input directory: /Users/cw/Library/CloudStorage/Dropbox/school/occc/functions-workbook/source/../generated-assets
INFO    : input directory expanded to absolute path: /Users/cw/Library/CloudStorage/Dropbox/school/occc/functions-workbook/generated-assets
INFO    : verifying and expanding input directory: /Users/cw/Library/CloudStorage/Dropbox/school/occc/functions-workbook/source/../assets
INFO    : input directory expanded to absolute path: /Users/cw/Library/CloudStorage/Dropbox/school/occc/functions-workbook/assets
INFO    : XSL conversion of /Users/cw/Library/CloudStorage/Dropbox/school/occc/functions-workbook/source/main.ptx by /Users/cw/.ptx/2.20.0/core/xsl/utilities/report-publisher-variables.xsl
INFO    : successful application of /Users/cw/.ptx/2.20.0/core/xsl/utilities/report-publisher-variables.xsl
INFO    : Downloading rs services file from https://runestone.academy/cdn/runestone/latest/webpack_static_imports.xml.
INFO    : Runestone Services via online CDN query: version 8.1.1
INFO    : Downloading Runestone Services, version 8.1.1
INFO    : Extracting Runestone Services from archive file
INFO    : Building custom css theme: theme-default-modern
INFO    : converting /Users/cw/Library/CloudStorage/Dropbox/school/occc/functions-workbook/source/main.ptx to HTML in /var/folders/b3/z07rf29x2fd63th_fjm5pzk80000gn/T/ptx-e1fumfab
INFO    : XSL conversion of /Users/cw/Library/CloudStorage/Dropbox/school/occc/functions-workbook/source/main.ptx by /Users/cw/.ptx/2.20.0/core/xsl/pretext-html.xsl
INFO    : messages from the log for XSL processing:
ERROR   : * PTX:ERROR: the @xml:id value "sec1-1-function-1-table" should be unique, but is authored multiple times.
INFO    : *            Results will be unpredictable, and likely incorrect.  Information on the locations follows:
INFO    : *              located within: "sec1-1-function-1-table" (xml:id), "Sales for a Local Clothing Store" (title)
INFO    : *              located within: "sec1-1-function-1-table" (xml:id), "Sales for a Local Clothing Store" (title)
INFO    : * PTX:INFO:   checking ONLY the last TWO YEARS of element deprecations.
Rerun with the string parameter "author.deprecations.all" set to "yes" to check your source against all deprecations.
INFO    : successful application of /Users/cw/.ptx/2.20.0/core/xsl/pretext-html.xsl
WARNING : Failed to map codechat path to xml id; codechat will not work.
INFO    : Removing temporary directory /var/folders/b3/z07rf29x2fd63th_fjm5pzk80000gn/T/ptx-e1fumfab
INFO    : Removing temporary directory /var/folders/b3/z07rf29x2fd63th_fjm5pzk80000gn/T/ptx-oz2w3ffd
INFO    : 
Success! Run `pretext view web` to see the results.

INFO    : 
----------------------------------------------------
INFO    : While running pretext, the following errors occurred:

INFO    : (see log messages above or in the 'logs' folder for more information)
INFO    : ----------------------------------------------------
